<?xml version="1.0" encoding="UTF-8"?>
<!-- Generated by org.testng.reporters.JUnitXMLReporter -->
<testsuite ignored="0" hostname="hp23-HP-EliteBook-840-G1" failures="0" tests="1" name="Test" time="0.065" errors="0" timestamp="2022-06-07T17:15:20 IST">
  <testcase classname="Catalogue.VerifyOrderPlaceFlow" name="@BeforeTest launchBrowser" time="-1.654602320013E9">
    <failure type="org.testng.TestNGException" message="
Parameter &amp;apos;browser&amp;apos; is required by BeforeTest on method launchBrowser but has not been marked @Optional or defined
in /home/hp-23/eclipse-workspace/JK_Tyre/testng.xml">
      <![CDATA[org.testng.TestNGException: 
Parameter 'browser' is required by BeforeTest on method launchBrowser but has not been marked @Optional or defined
in /home/hp-23/eclipse-workspace/JK_Tyre/testng.xml
... Removed 21 stack frames]]>
    </failure>
  </testcase> <!-- @BeforeTest launchBrowser -->
  <testcase classname="Catalogue.VerifyOrderPlaceFlow" name="@BeforeClass createObject" time="-1.654602320042E9">
    <skipped/>
  </testcase> <!-- @BeforeClass createObject -->
  <testcase classname="Catalogue.VerifyOrderPlaceFlow" name="@BeforeMethod loginToUserAccount" time="-1.654602320057E9">
    <skipped/>
  </testcase> <!-- @BeforeMethod loginToUserAccount -->
  <testcase classname="Catalogue.VerifyOrderPlaceFlow" name="@AfterMethod logOutUserAccount" time="-1.654602320066E9">
    <skipped/>
  </testcase> <!-- @AfterMethod logOutUserAccount -->
  <testcase classname="Catalogue.VerifyOrderPlaceFlow" name="@AfterClass capture" time="-1.654602320068E9">
    <skipped/>
  </testcase> <!-- @AfterClass capture -->
  <testcase classname="Catalogue.VerifyOrderPlaceFlow" name="toVerifyEnterPointToConvert" time="0.0">
    <skipped/>
  </testcase> <!-- toVerifyEnterPointToConvert -->
</testsuite> <!-- Test -->
